RDKIT Version: 2021.09.3
EGITOF
Possible charge of Metal Fe: [2, 3]
============================== OS : +1 Metal : Fe ================================
OS : +1 Bond : Fe-C condition : False ==> No parameters exist.
OS : +1 Bond : Fe-C condition : False ==> No parameters exist.
OS : +1 Bond : Fe-C condition : False ==> No parameters exist.
OS : +1 Bond : Fe-C condition : False ==> No parameters exist.
OS : +1 Bond : Fe-C condition : False ==> No parameters exist.
OS : +1 Bond : Fe-C condition : False ==> No parameters exist.
OS : +1 Bond : Fe-C condition : False ==> No parameters exist.
OS : +1 Bond : Fe-C condition : False ==> No parameters exist.
OS : +1 Bond : Fe-C condition : False ==> No parameters exist.
OS : +1 Bond : Fe-C condition : False ==> No parameters exist.
============================== OS : +2 Metal : Fe ================================
OS : +2 Bond : Fe-C condition : False ==> No parameters exist.
OS : +2 Bond : Fe-C condition : False ==> No parameters exist.
OS : +2 Bond : Fe-C condition : False ==> No parameters exist.
OS : +2 Bond : Fe-C condition : False ==> No parameters exist.
OS : +2 Bond : Fe-C condition : False ==> No parameters exist.
OS : +2 Bond : Fe-C condition : False ==> No parameters exist.
OS : +2 Bond : Fe-C condition : False ==> No parameters exist.
OS : +2 Bond : Fe-C condition : False ==> No parameters exist.
OS : +2 Bond : Fe-C condition : False ==> No parameters exist.
OS : +2 Bond : Fe-C condition : False ==> No parameters exist.
============================== OS : +3 Metal : Fe ================================
OS : +3 Bond : Fe-C S : [[0.3648962703610892]]
OS : +3 Bond : Fe-C S : [[0.3648962703610892], [0.32906611973696304]]
OS : +3 Bond : Fe-C S : [[0.3648962703610892], [0.32906611973696304], [0.31590493531469205]]
OS : +3 Bond : Fe-C S : [[0.3648962703610892], [0.32906611973696304], [0.31590493531469205], [0.328647875565144]]
OS : +3 Bond : Fe-C S : [[0.3648962703610892], [0.32906611973696304], [0.31590493531469205], [0.328647875565144], [0.3472302452591874]]
OS : +3 Bond : Fe-C S : [[0.3648962703610892], [0.32906611973696304], [0.31590493531469205], [0.328647875565144], [0.3472302452591874], [0.36489622460320914]]
OS : +3 Bond : Fe-C S : [[0.3648962703610892], [0.32906611973696304], [0.31590493531469205], [0.328647875565144], [0.3472302452591874], [0.36489622460320914], [0.3290660330729172]]
OS : +3 Bond : Fe-C S : [[0.3648962703610892], [0.32906611973696304], [0.31590493531469205], [0.328647875565144], [0.3472302452591874], [0.36489622460320914], [0.3290660330729172], [0.3159049264892729]]
OS : +3 Bond : Fe-C S : [[0.3648962703610892], [0.32906611973696304], [0.31590493531469205], [0.328647875565144], [0.3472302452591874], [0.36489622460320914], [0.3290660330729172], [0.3159049264892729], [0.3286478813185738]]
OS : +3 Bond : Fe-C S : [[0.3648962703610892], [0.32906611973696304], [0.31590493531469205], [0.328647875565144], [0.3472302452591874], [0.36489622460320914], [0.3290660330729172], [0.3159049264892729], [0.3286478813185738], [0.3472301507961991]]
Trial oxidation state (V_t) of Fe is +3.3714906625172483
Absolute delta is 0.37149066251724827 when charge of Fe is +3
{3: 0.37149066251724827}
