running cell2mol with debug=1
[Refcode] YOXKUS
===================================== step 1 : Cell reconstruction =====================================

H24-C23-O-P-I2-Re found as reference
26 Blocks sorted for reconstruction as (Molec, Frag, H): 0 18 8
With a total of 208 atoms
0 molecules and 4 fragments out of SEQUENTIAL with Heavy
FINISHED succesfully
NO remaining Molecules after Hydrogen reconstruction
 

Total execution time for Cell Reconstruction: 5.22 seconds
Cell reconstruction successfully finished.

===================================== step 2 : Charge Assignment =======================================

4 Species (Ligand or Molecules) to Characterize

    ---------------
    #### Ligand ####
    ---------------
           2 C-O 1
Charge state and protonation received for molecule 1

    ---------------
    #### Ligand ####
    ---------------
           47 H24-C22-P 6
Charge state and protonation received for molecule 1

    ---------------
    #### Ligand ####
    ---------------
           1 I 1
Charge state and protonation received for molecule 1

    ---------------
    #### Metal ####
    ---------------
           Re ['I', 'I', 'P', 'C', 'C', 'C', 'C', 'C', 'C']
Possible charges received for metal: [1, 2, 3, 4, 5, 7]
final_charge_distribution [[0, -1, -1, -1, 3, 0, -1, -1, -1, 3, 0, -1, -1, -1, 3, 0, -1, -1, -1, 3]]

FINAL Charge Distribution: [[0, -1, -1, -1, 3, 0, -1, -1, -1, 3, 0, -1, -1, -1, 3, 0, -1, -1, -1, 3]]

#########################################
Assigning Charges and Preparing Molecules
#########################################
PREPARE: 4 selected_charge_states received

PREPARE: 4 molecules to prepare, of types
PREPARE: Molecule 0 is a Complex with formula H24-C23-O-P-I2-Re
PREPARE: Molecule 1 is a Complex with formula H24-C23-O-P-I2-Re
PREPARE: Molecule 2 is a Complex with formula H24-C23-O-P-I2-Re
PREPARE: Molecule 3 is a Complex with formula H24-C23-O-P-I2-Re

PREPARE: Success doing ligand 0. Created Charge State with total_charge=0
PREPARE: Success doing ligand 1. Created Charge State with total_charge=-1
PREPARE: Success doing ligand 2. Created Charge State with total_charge=-1
PREPARE: Success doing ligand 3. Created Charge State with total_charge=-1
PREPARE: Success doing ligand 0. Created Charge State with total_charge=0
PREPARE: Success doing ligand 1. Created Charge State with total_charge=-1
PREPARE: Success doing ligand 2. Created Charge State with total_charge=-1
PREPARE: Success doing ligand 3. Created Charge State with total_charge=-1
PREPARE: Success doing ligand 0. Created Charge State with total_charge=0
PREPARE: Success doing ligand 1. Created Charge State with total_charge=-1
PREPARE: Success doing ligand 2. Created Charge State with total_charge=-1
PREPARE: Success doing ligand 3. Created Charge State with total_charge=-1
PREPARE: Success doing ligand 0. Created Charge State with total_charge=0
PREPARE: Success doing ligand 1. Created Charge State with total_charge=-1
PREPARE: Success doing ligand 2. Created Charge State with total_charge=-1
PREPARE: Success doing ligand 3. Created Charge State with total_charge=-1

Total execution time for Charge Assignment: 0.11 seconds
Charge Assignment successfully finished.

=====================================Charges for all species in the unit cell=====================================
[Ref.code] : YOXKUS

Complex, totcharge 0
	 Metal: Re charge 3
	 Ligand charge 0, [C-]#[O+]
	 Ligand charge -1, [H]c1c([H])c([H])c(P(c2c([H])c([H])c([H])c([H])c2[H])C([H])([H])[C-]2C(C([H])([H])[H])=C(C([H])([H])[H])C(C([H])([H])[H])=C2C([H])([H])[H])c([H])c1[H]
	 Ligand charge -1, [I-]
	 Ligand charge -1, [I-]

Complex, totcharge 0
	 Metal: Re charge 3
	 Ligand charge 0, [C-]#[O+]
	 Ligand charge -1, [H]c1c([H])c([H])c(P(c2c([H])c([H])c([H])c([H])c2[H])C([H])([H])[C-]2C(C([H])([H])[H])=C(C([H])([H])[H])C(C([H])([H])[H])=C2C([H])([H])[H])c([H])c1[H]
	 Ligand charge -1, [I-]
	 Ligand charge -1, [I-]

Complex, totcharge 0
	 Metal: Re charge 3
	 Ligand charge 0, [C-]#[O+]
	 Ligand charge -1, [H]c1c([H])c([H])c(P(c2c([H])c([H])c([H])c([H])c2[H])C([H])([H])[C-]2C(C([H])([H])[H])=C(C([H])([H])[H])C(C([H])([H])[H])=C2C([H])([H])[H])c([H])c1[H]
	 Ligand charge -1, [I-]
	 Ligand charge -1, [I-]

Complex, totcharge 0
	 Metal: Re charge 3
	 Ligand charge 0, [C-]#[O+]
	 Ligand charge -1, [H]c1c([H])c([H])c(P(c2c([H])c([H])c([H])c([H])c2[H])C([H])([H])[C-]2C(C([H])([H])[H])=C(C([H])([H])[H])C(C([H])([H])[H])=C2C([H])([H])[H])c([H])c1[H]
	 Ligand charge -1, [I-]
	 Ligand charge -1, [I-]


The Warning type list is : [False, False, False, False, False, False, False, False, False]
No Warnings!

[Output files]
Output file path /Users/sergivela/Documents/Programes/cell2mol/uploaded/Cell_YOXKUS.gmol
